2022-07-13 15:11:25,127 [main] INFO  co.nt.ms.MsCustomersApplication                    - Starting MsCustomersApplication using Java 11.0.13 on DESKTOP-FLILO2T with PID 5568 (D:\Archivos\Bootcamp BC26 NTT DATA\Proyectos\ProyectoOriginal\bootcamp-bc26\ms-customers\target\classes started by JORGE-PC in D:\Archivos\Bootcamp BC26 NTT DATA\Proyectos\ProyectoOriginal\bootcamp-bc26) 
2022-07-13 15:11:25,129 [main] INFO  co.nt.ms.MsCustomersApplication                    - No active profile set, falling back to 1 default profile: "default" 
2022-07-13 15:11:25,154 [main] INFO  or.sp.cl.co.cl.ConfigServerConfigDataLoader        - Fetching config from server at : http://localhost:9001 
2022-07-13 15:11:25,154 [main] INFO  or.sp.cl.co.cl.ConfigServerConfigDataLoader        - Located environment: name=ms-customers, profiles=[default], label=null, version=14b9fa8327eefde7f8467c9cdf5b38e273198eba, state=null 
2022-07-13 15:11:25,635 [main] INFO  or.sp.da.re.co.RepositoryConfigurationDelegate     - Bootstrapping Spring Data Reactive MongoDB repositories in DEFAULT mode. 
2022-07-13 15:11:25,707 [main] INFO  or.sp.da.re.co.RepositoryConfigurationDelegate     - Finished Spring Data repository scanning in 64 ms. Found 1 Reactive MongoDB repository interfaces. 
2022-07-13 15:11:25,794 [main] INFO  or.sp.cl.co.sc.GenericScope                        - BeanFactory id=231fbf37-3ab3-3941-9083-47c9715c2c50 
2022-07-13 15:11:26,305 [main] INFO  or.mo.dr.client                                    - MongoClient with metadata {"driver": {"name": "mongo-java-driver|reactive-streams|spring-boot", "version": "4.6.1"}, "os": {"type": "Windows", "name": "Windows 10", "architecture": "amd64", "version": "10.0"}, "platform": "Java/Oracle Corporation/11.0.13+10-LTS-370"} created with settings MongoClientSettings{readPreference=primary, writeConcern=WriteConcern{w=null, wTimeout=null ms, journal=null}, retryWrites=true, retryReads=true, readConcern=ReadConcern{level=null}, credential=null, streamFactoryFactory=NettyStreamFactoryFactory{eventLoopGroup=io.netty.channel.nio.NioEventLoopGroup@12fcb2c3, socketChannelClass=class io.netty.channel.socket.nio.NioSocketChannel, allocator=PooledByteBufAllocator(directByDefault: true), sslContext=null}, commandListeners=[], codecRegistry=ProvidersCodecRegistry{codecProviders=[ValueCodecProvider{}, BsonValueCodecProvider{}, DBRefCodecProvider{}, DBObjectCodecProvider{}, DocumentCodecProvider{}, IterableCodecProvider{}, MapCodecProvider{}, GeoJsonCodecProvider{}, GridFSFileCodecProvider{}, Jsr310CodecProvider{}, JsonObjectCodecProvider{}, BsonCodecProvider{}, EnumCodecProvider{}, com.mongodb.Jep395RecordCodecProvider@57bd6a8f]}, clusterSettings={hosts=[localhost:27017], srvServiceName=mongodb, mode=SINGLE, requiredClusterType=UNKNOWN, requiredReplicaSetName='null', serverSelector='null', clusterListeners='[]', serverSelectionTimeout='30000 ms', localThreshold='30000 ms'}, socketSettings=SocketSettings{connectTimeoutMS=10000, readTimeoutMS=0, receiveBufferSize=0, sendBufferSize=0}, heartbeatSocketSettings=SocketSettings{connectTimeoutMS=10000, readTimeoutMS=10000, receiveBufferSize=0, sendBufferSize=0}, connectionPoolSettings=ConnectionPoolSettings{maxSize=100, minSize=0, maxWaitTimeMS=120000, maxConnectionLifeTimeMS=0, maxConnectionIdleTimeMS=0, maintenanceInitialDelayMS=0, maintenanceFrequencyMS=60000, connectionPoolListeners=[], maxConnecting=2}, serverSettings=ServerSettings{heartbeatFrequencyMS=10000, minHeartbeatFrequencyMS=500, serverListeners='[]', serverMonitorListeners='[]'}, sslSettings=SslSettings{enabled=false, invalidHostNameAllowed=false, context=null}, applicationName='null', compressorList=[], uuidRepresentation=JAVA_LEGACY, serverApi=null, autoEncryptionSettings=null, contextProvider=null} 
2022-07-13 15:11:27,475 [main] INFO  or.sp.bo.we.em.ne.NettyWebServer                   - Netty started on port 9002 
2022-07-13 15:11:28,189 [main] INFO  co.nt.ms.MsCustomersApplication                    - Started MsCustomersApplication in 9.076 seconds (JVM running for 10.116) 
2022-07-13 15:11:30,668 [cluster-ClusterId{value='62cf26ee18b5f77f03388e7c', description='null'}-localhost:27017] INFO  or.mo.dr.cluster                                   - Exception in monitor thread while connecting to server localhost:27017 
com.mongodb.MongoSocketOpenException: Exception opening socket
	at com.mongodb.connection.netty.NettyStream$OpenChannelFutureListener.operationComplete(NettyStream.java:520) ~[mongodb-driver-core-4.6.1.jar:?]
	at com.mongodb.connection.netty.NettyStream$OpenChannelFutureListener.operationComplete(NettyStream.java:488) ~[mongodb-driver-core-4.6.1.jar:?]
	at io.netty.util.concurrent.DefaultPromise.notifyListener0(DefaultPromise.java:578) ~[netty-common-4.1.78.Final.jar:4.1.78.Final]
	at io.netty.util.concurrent.DefaultPromise.notifyListeners0(DefaultPromise.java:571) ~[netty-common-4.1.78.Final.jar:4.1.78.Final]
	at io.netty.util.concurrent.DefaultPromise.notifyListenersNow(DefaultPromise.java:550) ~[netty-common-4.1.78.Final.jar:4.1.78.Final]
	at io.netty.util.concurrent.DefaultPromise.notifyListeners(DefaultPromise.java:491) ~[netty-common-4.1.78.Final.jar:4.1.78.Final]
	at io.netty.util.concurrent.DefaultPromise.setValue0(DefaultPromise.java:616) ~[netty-common-4.1.78.Final.jar:4.1.78.Final]
	at io.netty.util.concurrent.DefaultPromise.setFailure0(DefaultPromise.java:609) ~[netty-common-4.1.78.Final.jar:4.1.78.Final]
	at io.netty.util.concurrent.DefaultPromise.tryFailure(DefaultPromise.java:117) ~[netty-common-4.1.78.Final.jar:4.1.78.Final]
	at io.netty.channel.nio.AbstractNioChannel$AbstractNioUnsafe.fulfillConnectPromise(AbstractNioChannel.java:321) ~[netty-transport-4.1.78.Final.jar:4.1.78.Final]
	at io.netty.channel.nio.AbstractNioChannel$AbstractNioUnsafe.finishConnect(AbstractNioChannel.java:337) ~[netty-transport-4.1.78.Final.jar:4.1.78.Final]
	at io.netty.channel.nio.NioEventLoop.processSelectedKey(NioEventLoop.java:710) ~[netty-transport-4.1.78.Final.jar:4.1.78.Final]
	at io.netty.channel.nio.NioEventLoop.processSelectedKeysOptimized(NioEventLoop.java:658) ~[netty-transport-4.1.78.Final.jar:4.1.78.Final]
	at io.netty.channel.nio.NioEventLoop.processSelectedKeys(NioEventLoop.java:584) ~[netty-transport-4.1.78.Final.jar:4.1.78.Final]
	at io.netty.channel.nio.NioEventLoop.run(NioEventLoop.java:496) ~[netty-transport-4.1.78.Final.jar:4.1.78.Final]
	at io.netty.util.concurrent.SingleThreadEventExecutor$4.run(SingleThreadEventExecutor.java:997) ~[netty-common-4.1.78.Final.jar:4.1.78.Final]
	at io.netty.util.internal.ThreadExecutorMap$2.run(ThreadExecutorMap.java:74) ~[netty-common-4.1.78.Final.jar:4.1.78.Final]
	at io.netty.util.concurrent.FastThreadLocalRunnable.run(FastThreadLocalRunnable.java:30) ~[netty-common-4.1.78.Final.jar:4.1.78.Final]
	at java.lang.Thread.run(Thread.java:834) ~[?:?]
Caused by: io.netty.channel.AbstractChannel$AnnotatedConnectException: Connection refused: no further information: localhost/0:0:0:0:0:0:0:1:27017
Caused by: java.net.ConnectException: Connection refused: no further information
	at sun.nio.ch.SocketChannelImpl.checkConnect(Native Method) ~[?:?]
	at sun.nio.ch.SocketChannelImpl.finishConnect(SocketChannelImpl.java:779) ~[?:?]
	at io.netty.channel.socket.nio.NioSocketChannel.doFinishConnect(NioSocketChannel.java:337) ~[netty-transport-4.1.78.Final.jar:4.1.78.Final]
	at io.netty.channel.nio.AbstractNioChannel$AbstractNioUnsafe.finishConnect(AbstractNioChannel.java:334) ~[netty-transport-4.1.78.Final.jar:4.1.78.Final]
	... 8 more
2022-07-13 15:11:41,250 [cluster-ClusterId{value='62cf26ee18b5f77f03388e7c', description='null'}-localhost:27017] INFO  or.mo.dr.connection                                - Opened connection [connectionId{localValue:4, serverValue:2}] to localhost:27017 
2022-07-13 15:11:41,250 [cluster-rtt-ClusterId{value='62cf26ee18b5f77f03388e7c', description='null'}-localhost:27017] INFO  or.mo.dr.connection                                - Opened connection [connectionId{localValue:3, serverValue:1}] to localhost:27017 
2022-07-13 15:11:41,250 [cluster-ClusterId{value='62cf26ee18b5f77f03388e7c', description='null'}-localhost:27017] INFO  or.mo.dr.cluster                                   - Monitor thread successfully connected to server with description ServerDescription{address=localhost:27017, type=STANDALONE, state=CONNECTED, ok=true, minWireVersion=0, maxWireVersion=13, maxDocumentSize=16777216, logicalSessionTimeoutMinutes=30, roundTripTimeNanos=22499100} 
2022-07-13 15:11:54,227 [main] INFO  co.nt.ms.MsCustomersApplication                    - Starting MsCustomersApplication using Java 11.0.13 on DESKTOP-FLILO2T with PID 13412 (D:\Archivos\Bootcamp BC26 NTT DATA\Proyectos\ProyectoOriginal\bootcamp-bc26\ms-customers\target\classes started by JORGE-PC in D:\Archivos\Bootcamp BC26 NTT DATA\Proyectos\ProyectoOriginal\bootcamp-bc26) 
2022-07-13 15:11:54,230 [main] INFO  co.nt.ms.MsCustomersApplication                    - No active profile set, falling back to 1 default profile: "default" 
2022-07-13 15:11:54,253 [main] INFO  or.sp.cl.co.cl.ConfigServerConfigDataLoader        - Fetching config from server at : http://localhost:9001 
2022-07-13 15:11:54,254 [main] INFO  or.sp.cl.co.cl.ConfigServerConfigDataLoader        - Located environment: name=ms-customers, profiles=[default], label=null, version=14b9fa8327eefde7f8467c9cdf5b38e273198eba, state=null 
2022-07-13 15:11:55,078 [main] INFO  or.sp.da.re.co.RepositoryConfigurationDelegate     - Bootstrapping Spring Data Reactive MongoDB repositories in DEFAULT mode. 
2022-07-13 15:11:55,180 [main] INFO  or.sp.da.re.co.RepositoryConfigurationDelegate     - Finished Spring Data repository scanning in 95 ms. Found 1 Reactive MongoDB repository interfaces. 
2022-07-13 15:11:55,367 [main] INFO  or.sp.cl.co.sc.GenericScope                        - BeanFactory id=231fbf37-3ab3-3941-9083-47c9715c2c50 
2022-07-13 15:11:56,048 [main] INFO  or.mo.dr.client                                    - MongoClient with metadata {"driver": {"name": "mongo-java-driver|reactive-streams|spring-boot", "version": "4.6.1"}, "os": {"type": "Windows", "name": "Windows 10", "architecture": "amd64", "version": "10.0"}, "platform": "Java/Oracle Corporation/11.0.13+10-LTS-370"} created with settings MongoClientSettings{readPreference=primary, writeConcern=WriteConcern{w=null, wTimeout=null ms, journal=null}, retryWrites=true, retryReads=true, readConcern=ReadConcern{level=null}, credential=null, streamFactoryFactory=NettyStreamFactoryFactory{eventLoopGroup=io.netty.channel.nio.NioEventLoopGroup@6de004f1, socketChannelClass=class io.netty.channel.socket.nio.NioSocketChannel, allocator=PooledByteBufAllocator(directByDefault: true), sslContext=null}, commandListeners=[], codecRegistry=ProvidersCodecRegistry{codecProviders=[ValueCodecProvider{}, BsonValueCodecProvider{}, DBRefCodecProvider{}, DBObjectCodecProvider{}, DocumentCodecProvider{}, IterableCodecProvider{}, MapCodecProvider{}, GeoJsonCodecProvider{}, GridFSFileCodecProvider{}, Jsr310CodecProvider{}, JsonObjectCodecProvider{}, BsonCodecProvider{}, EnumCodecProvider{}, com.mongodb.Jep395RecordCodecProvider@45d56062]}, clusterSettings={hosts=[localhost:27017], srvServiceName=mongodb, mode=SINGLE, requiredClusterType=UNKNOWN, requiredReplicaSetName='null', serverSelector='null', clusterListeners='[]', serverSelectionTimeout='30000 ms', localThreshold='30000 ms'}, socketSettings=SocketSettings{connectTimeoutMS=10000, readTimeoutMS=0, receiveBufferSize=0, sendBufferSize=0}, heartbeatSocketSettings=SocketSettings{connectTimeoutMS=10000, readTimeoutMS=10000, receiveBufferSize=0, sendBufferSize=0}, connectionPoolSettings=ConnectionPoolSettings{maxSize=100, minSize=0, maxWaitTimeMS=120000, maxConnectionLifeTimeMS=0, maxConnectionIdleTimeMS=0, maintenanceInitialDelayMS=0, maintenanceFrequencyMS=60000, connectionPoolListeners=[], maxConnecting=2}, serverSettings=ServerSettings{heartbeatFrequencyMS=10000, minHeartbeatFrequencyMS=500, serverListeners='[]', serverMonitorListeners='[]'}, sslSettings=SslSettings{enabled=false, invalidHostNameAllowed=false, context=null}, applicationName='null', compressorList=[], uuidRepresentation=JAVA_LEGACY, serverApi=null, autoEncryptionSettings=null, contextProvider=null} 
2022-07-13 15:11:56,651 [cluster-rtt-ClusterId{value='62cf270be2224252d3de9b11', description='null'}-localhost:27017] INFO  or.mo.dr.connection                                - Opened connection [connectionId{localValue:2, serverValue:3}] to localhost:27017 
2022-07-13 15:11:56,651 [cluster-ClusterId{value='62cf270be2224252d3de9b11', description='null'}-localhost:27017] INFO  or.mo.dr.connection                                - Opened connection [connectionId{localValue:1, serverValue:4}] to localhost:27017 
2022-07-13 15:11:56,652 [cluster-ClusterId{value='62cf270be2224252d3de9b11', description='null'}-localhost:27017] INFO  or.mo.dr.cluster                                   - Monitor thread successfully connected to server with description ServerDescription{address=localhost:27017, type=STANDALONE, state=CONNECTED, ok=true, minWireVersion=0, maxWireVersion=13, maxDocumentSize=16777216, logicalSessionTimeoutMinutes=30, roundTripTimeNanos=46027900} 
2022-07-13 15:11:57,167 [main] INFO  or.sp.bo.we.em.ne.NettyWebServer                   - Netty started on port 9002 
2022-07-13 15:11:57,574 [main] INFO  co.nt.ms.MsCustomersApplication                    - Started MsCustomersApplication in 5.18 seconds (JVM running for 6.181) 
2022-07-13 15:11:59,428 [reactor-http-nio-3] INFO  co.nt.ms.se.im.CustomerServiceImpl                 - executing findAll method 
2022-07-13 15:11:59,517 [nioEventLoopGroup-3-3] INFO  or.mo.dr.connection                                - Opened connection [connectionId{localValue:3, serverValue:5}] to localhost:27017 
2022-07-13 15:12:12,311 [reactor-http-nio-3] INFO  co.nt.ms.se.im.CustomerServiceImpl                 - executing save method 
2022-07-13 15:12:28,682 [reactor-http-nio-3] INFO  co.nt.ms.se.im.CustomerServiceImpl                 - executing findById method 
2022-07-13 15:12:46,409 [reactor-http-nio-3] INFO  co.nt.ms.se.im.CustomerServiceImpl                 - executing update method 
2022-07-13 15:13:36,581 [reactor-http-nio-3] INFO  co.nt.ms.se.im.CustomerServiceImpl                 - executing delete method 
2022-07-13 15:13:43,959 [reactor-http-nio-3] INFO  co.nt.ms.se.im.CustomerServiceImpl                 - executing delete method 
2022-07-13 15:13:53,399 [reactor-http-nio-3] INFO  co.nt.ms.se.im.CustomerServiceImpl                 - executing delete method 
2022-07-13 15:13:54,247 [reactor-http-nio-3] INFO  co.nt.ms.se.im.CustomerServiceImpl                 - executing delete method 
2022-07-13 15:16:06,446 [reactor-http-nio-4] INFO  co.nt.ms.se.im.CustomerServiceImpl                 - executing findById method 
2022-07-13 15:16:06,545 [reactor-http-nio-4] INFO  co.nt.ms.se.im.CustomerServiceImpl                 - executing findById method 
2022-07-13 15:16:06,571 [reactor-http-nio-4] INFO  co.nt.ms.se.im.CustomerServiceImpl                 - executing findById method 
2022-07-13 15:29:44,572 [reactor-http-nio-3] INFO  co.nt.ms.se.im.CustomerServiceImpl                 - executing findAll method 
2022-07-13 15:29:45,678 [reactor-http-nio-3] INFO  co.nt.ms.se.im.CustomerServiceImpl                 - executing findAll method 
2022-07-13 15:29:48,604 [reactor-http-nio-3] INFO  co.nt.ms.se.im.CustomerServiceImpl                 - executing save method 
2022-07-13 15:29:56,331 [reactor-http-nio-3] INFO  co.nt.ms.se.im.CustomerServiceImpl                 - executing findById method 
2022-07-13 15:29:58,584 [reactor-http-nio-3] INFO  co.nt.ms.se.im.CustomerServiceImpl                 - executing findAll method 
2022-07-13 15:30:03,292 [reactor-http-nio-3] INFO  co.nt.ms.se.im.CustomerServiceImpl                 - executing update method 
2022-07-13 15:30:06,271 [reactor-http-nio-3] INFO  co.nt.ms.se.im.CustomerServiceImpl                 - executing findAll method 
2022-07-13 16:13:05,004 [main] INFO  co.nt.ms.MsCustomersApplication                    - Starting MsCustomersApplication using Java 11.0.13 on DESKTOP-FLILO2T with PID 12012 (D:\Archivos\Bootcamp BC26 NTT DATA\Proyectos\ProyectoOriginal\bootcamp-bc26\ms-customers\target\classes started by JORGE-PC in D:\Archivos\Bootcamp BC26 NTT DATA\Proyectos\ProyectoOriginal\bootcamp-bc26) 
2022-07-13 16:13:05,007 [main] INFO  co.nt.ms.MsCustomersApplication                    - No active profile set, falling back to 1 default profile: "default" 
2022-07-13 16:13:05,043 [main] INFO  or.sp.cl.co.cl.ConfigServerConfigDataLoader        - Fetching config from server at : http://localhost:9001 
2022-07-13 16:13:05,043 [main] INFO  or.sp.cl.co.cl.ConfigServerConfigDataLoader        - Located environment: name=ms-customers, profiles=[default], label=null, version=14b9fa8327eefde7f8467c9cdf5b38e273198eba, state=null 
2022-07-13 16:13:05,481 [main] INFO  or.sp.da.re.co.RepositoryConfigurationDelegate     - Bootstrapping Spring Data Reactive MongoDB repositories in DEFAULT mode. 
2022-07-13 16:13:05,538 [main] INFO  or.sp.da.re.co.RepositoryConfigurationDelegate     - Finished Spring Data repository scanning in 52 ms. Found 1 Reactive MongoDB repository interfaces. 
2022-07-13 16:13:05,657 [main] INFO  or.sp.cl.co.sc.GenericScope                        - BeanFactory id=231fbf37-3ab3-3941-9083-47c9715c2c50 
2022-07-13 16:13:06,023 [main] INFO  or.mo.dr.client                                    - MongoClient with metadata {"driver": {"name": "mongo-java-driver|reactive-streams|spring-boot", "version": "4.6.1"}, "os": {"type": "Windows", "name": "Windows 10", "architecture": "amd64", "version": "10.0"}, "platform": "Java/Oracle Corporation/11.0.13+10-LTS-370"} created with settings MongoClientSettings{readPreference=primary, writeConcern=WriteConcern{w=null, wTimeout=null ms, journal=null}, retryWrites=true, retryReads=true, readConcern=ReadConcern{level=null}, credential=null, streamFactoryFactory=NettyStreamFactoryFactory{eventLoopGroup=io.netty.channel.nio.NioEventLoopGroup@28a6e171, socketChannelClass=class io.netty.channel.socket.nio.NioSocketChannel, allocator=PooledByteBufAllocator(directByDefault: true), sslContext=null}, commandListeners=[], codecRegistry=ProvidersCodecRegistry{codecProviders=[ValueCodecProvider{}, BsonValueCodecProvider{}, DBRefCodecProvider{}, DBObjectCodecProvider{}, DocumentCodecProvider{}, IterableCodecProvider{}, MapCodecProvider{}, GeoJsonCodecProvider{}, GridFSFileCodecProvider{}, Jsr310CodecProvider{}, JsonObjectCodecProvider{}, BsonCodecProvider{}, EnumCodecProvider{}, com.mongodb.Jep395RecordCodecProvider@23444a36]}, clusterSettings={hosts=[localhost:27017], srvServiceName=mongodb, mode=SINGLE, requiredClusterType=UNKNOWN, requiredReplicaSetName='null', serverSelector='null', clusterListeners='[]', serverSelectionTimeout='30000 ms', localThreshold='30000 ms'}, socketSettings=SocketSettings{connectTimeoutMS=10000, readTimeoutMS=0, receiveBufferSize=0, sendBufferSize=0}, heartbeatSocketSettings=SocketSettings{connectTimeoutMS=10000, readTimeoutMS=10000, receiveBufferSize=0, sendBufferSize=0}, connectionPoolSettings=ConnectionPoolSettings{maxSize=100, minSize=0, maxWaitTimeMS=120000, maxConnectionLifeTimeMS=0, maxConnectionIdleTimeMS=0, maintenanceInitialDelayMS=0, maintenanceFrequencyMS=60000, connectionPoolListeners=[], maxConnecting=2}, serverSettings=ServerSettings{heartbeatFrequencyMS=10000, minHeartbeatFrequencyMS=500, serverListeners='[]', serverMonitorListeners='[]'}, sslSettings=SslSettings{enabled=false, invalidHostNameAllowed=false, context=null}, applicationName='null', compressorList=[], uuidRepresentation=JAVA_LEGACY, serverApi=null, autoEncryptionSettings=null, contextProvider=null} 
2022-07-13 16:13:06,436 [cluster-ClusterId{value='62cf35615fff4a731c02e9c9', description='null'}-localhost:27017] INFO  or.mo.dr.connection                                - Opened connection [connectionId{localValue:1, serverValue:12}] to localhost:27017 
2022-07-13 16:13:06,436 [cluster-rtt-ClusterId{value='62cf35615fff4a731c02e9c9', description='null'}-localhost:27017] INFO  or.mo.dr.connection                                - Opened connection [connectionId{localValue:2, serverValue:13}] to localhost:27017 
2022-07-13 16:13:06,437 [cluster-ClusterId{value='62cf35615fff4a731c02e9c9', description='null'}-localhost:27017] INFO  or.mo.dr.cluster                                   - Monitor thread successfully connected to server with description ServerDescription{address=localhost:27017, type=STANDALONE, state=CONNECTED, ok=true, minWireVersion=0, maxWireVersion=13, maxDocumentSize=16777216, logicalSessionTimeoutMinutes=30, roundTripTimeNanos=53101600} 
2022-07-13 16:13:07,105 [main] INFO  or.sp.bo.we.em.ne.NettyWebServer                   - Netty started on port 9002 
2022-07-13 16:13:07,660 [main] INFO  co.nt.ms.MsCustomersApplication                    - Started MsCustomersApplication in 4.486 seconds (JVM running for 5.673) 
2022-07-13 16:13:30,323 [reactor-http-nio-2] INFO  co.nt.ms.se.im.CustomerServiceImpl                 - executing findById method 
2022-07-13 16:13:30,463 [nioEventLoopGroup-3-3] INFO  or.mo.dr.connection                                - Opened connection [connectionId{localValue:3, serverValue:19}] to localhost:27017 
2022-07-13 16:13:31,177 [reactor-http-nio-2] INFO  co.nt.ms.se.im.CustomerServiceImpl                 - executing findById method 
2022-07-13 16:13:31,212 [reactor-http-nio-2] INFO  co.nt.ms.se.im.CustomerServiceImpl                 - executing findById method 
2022-07-13 16:13:36,079 [reactor-http-nio-2] INFO  co.nt.ms.se.im.CustomerServiceImpl                 - executing findById method 
2022-07-13 16:13:36,094 [reactor-http-nio-2] INFO  co.nt.ms.se.im.CustomerServiceImpl                 - executing findById method 
2022-07-13 16:13:36,122 [reactor-http-nio-2] INFO  co.nt.ms.se.im.CustomerServiceImpl                 - executing findById method 
2022-07-13 16:13:42,464 [reactor-http-nio-2] INFO  co.nt.ms.se.im.CustomerServiceImpl                 - executing findById method 
2022-07-13 17:04:35,655 [reactor-http-nio-3] INFO  co.nt.ms.se.im.CustomerServiceImpl                 - executing findById method 
2022-07-13 17:20:43,415 [reactor-http-nio-6] INFO  co.nt.ms.se.im.CustomerServiceImpl                 - executing findById method 
2022-07-13 17:20:43,415 [reactor-http-nio-5] INFO  co.nt.ms.se.im.CustomerServiceImpl                 - executing findById method 
2022-07-13 17:20:43,415 [reactor-http-nio-4] INFO  co.nt.ms.se.im.CustomerServiceImpl                 - executing findById method 
2022-07-13 17:20:43,429 [nioEventLoopGroup-3-4] INFO  or.mo.dr.connection                                - Opened connection [connectionId{localValue:4, serverValue:32}] to localhost:27017 
2022-07-13 17:23:21,933 [reactor-http-nio-7] INFO  co.nt.ms.se.im.CustomerServiceImpl                 - executing findById method 
2022-07-13 17:23:21,933 [reactor-http-nio-8] INFO  co.nt.ms.se.im.CustomerServiceImpl                 - executing findById method 
2022-07-13 17:23:21,933 [reactor-http-nio-9] INFO  co.nt.ms.se.im.CustomerServiceImpl                 - executing findById method 
2022-07-13 17:23:21,939 [nioEventLoopGroup-3-5] INFO  or.mo.dr.connection                                - Opened connection [connectionId{localValue:5, serverValue:36}] to localhost:27017 
2022-07-13 17:31:43,015 [reactor-http-nio-8] INFO  co.nt.ms.se.im.CustomerServiceImpl                 - executing findById method 
2022-07-13 17:32:05,464 [reactor-http-nio-9] INFO  co.nt.ms.se.im.CustomerServiceImpl                 - executing findById method 
2022-07-13 17:32:17,925 [reactor-http-nio-7] INFO  co.nt.ms.se.im.CustomerServiceImpl                 - executing findById method 
2022-07-13 17:32:22,336 [reactor-http-nio-8] INFO  co.nt.ms.se.im.CustomerServiceImpl                 - executing findById method 
2022-07-13 17:32:22,337 [reactor-http-nio-9] INFO  co.nt.ms.se.im.CustomerServiceImpl                 - executing findById method 
2022-07-13 17:32:22,338 [reactor-http-nio-7] INFO  co.nt.ms.se.im.CustomerServiceImpl                 - executing findById method 
2022-07-13 17:32:33,344 [reactor-http-nio-9] INFO  co.nt.ms.se.im.CustomerServiceImpl                 - executing findById method 
2022-07-13 18:15:48,634 [main] INFO  co.nt.ms.MsCustomersApplication                    - Starting MsCustomersApplication using Java 11.0.13 on DESKTOP-FLILO2T with PID 11216 (D:\Archivos\Bootcamp BC26 NTT DATA\Proyectos\ProyectoOriginal\bootcamp-bc26\ms-customers\target\classes started by JORGE-PC in D:\Archivos\Bootcamp BC26 NTT DATA\Proyectos\ProyectoOriginal\bootcamp-bc26) 
2022-07-13 18:15:48,636 [main] INFO  co.nt.ms.MsCustomersApplication                    - No active profile set, falling back to 1 default profile: "default" 
2022-07-13 18:15:48,657 [main] INFO  or.sp.cl.co.cl.ConfigServerConfigDataLoader        - Fetching config from server at : http://localhost:9001 
2022-07-13 18:15:48,657 [main] INFO  or.sp.cl.co.cl.ConfigServerConfigDataLoader        - Located environment: name=ms-customers, profiles=[default], label=null, version=20434fa718858df73977158e6e7adc42da5b2266, state=null 
2022-07-13 18:15:49,051 [main] INFO  or.sp.da.re.co.RepositoryConfigurationDelegate     - Bootstrapping Spring Data Reactive MongoDB repositories in DEFAULT mode. 
2022-07-13 18:15:49,137 [main] INFO  or.sp.da.re.co.RepositoryConfigurationDelegate     - Finished Spring Data repository scanning in 79 ms. Found 1 Reactive MongoDB repository interfaces. 
2022-07-13 18:15:49,288 [main] INFO  or.sp.cl.co.sc.GenericScope                        - BeanFactory id=231fbf37-3ab3-3941-9083-47c9715c2c50 
2022-07-13 18:15:49,695 [main] INFO  or.mo.dr.client                                    - MongoClient with metadata {"driver": {"name": "mongo-java-driver|reactive-streams|spring-boot", "version": "4.6.1"}, "os": {"type": "Windows", "name": "Windows 10", "architecture": "amd64", "version": "10.0"}, "platform": "Java/Oracle Corporation/11.0.13+10-LTS-370"} created with settings MongoClientSettings{readPreference=primary, writeConcern=WriteConcern{w=null, wTimeout=null ms, journal=null}, retryWrites=true, retryReads=true, readConcern=ReadConcern{level=null}, credential=null, streamFactoryFactory=NettyStreamFactoryFactory{eventLoopGroup=io.netty.channel.nio.NioEventLoopGroup@790d8fdd, socketChannelClass=class io.netty.channel.socket.nio.NioSocketChannel, allocator=PooledByteBufAllocator(directByDefault: true), sslContext=null}, commandListeners=[], codecRegistry=ProvidersCodecRegistry{codecProviders=[ValueCodecProvider{}, BsonValueCodecProvider{}, DBRefCodecProvider{}, DBObjectCodecProvider{}, DocumentCodecProvider{}, IterableCodecProvider{}, MapCodecProvider{}, GeoJsonCodecProvider{}, GridFSFileCodecProvider{}, Jsr310CodecProvider{}, JsonObjectCodecProvider{}, BsonCodecProvider{}, EnumCodecProvider{}, com.mongodb.Jep395RecordCodecProvider@6403a4a5]}, clusterSettings={hosts=[localhost:27017], srvServiceName=mongodb, mode=SINGLE, requiredClusterType=UNKNOWN, requiredReplicaSetName='null', serverSelector='null', clusterListeners='[]', serverSelectionTimeout='30000 ms', localThreshold='30000 ms'}, socketSettings=SocketSettings{connectTimeoutMS=10000, readTimeoutMS=0, receiveBufferSize=0, sendBufferSize=0}, heartbeatSocketSettings=SocketSettings{connectTimeoutMS=10000, readTimeoutMS=10000, receiveBufferSize=0, sendBufferSize=0}, connectionPoolSettings=ConnectionPoolSettings{maxSize=100, minSize=0, maxWaitTimeMS=120000, maxConnectionLifeTimeMS=0, maxConnectionIdleTimeMS=0, maintenanceInitialDelayMS=0, maintenanceFrequencyMS=60000, connectionPoolListeners=[], maxConnecting=2}, serverSettings=ServerSettings{heartbeatFrequencyMS=10000, minHeartbeatFrequencyMS=500, serverListeners='[]', serverMonitorListeners='[]'}, sslSettings=SslSettings{enabled=false, invalidHostNameAllowed=false, context=null}, applicationName='null', compressorList=[], uuidRepresentation=JAVA_LEGACY, serverApi=null, autoEncryptionSettings=null, contextProvider=null} 
2022-07-13 18:15:50,058 [cluster-rtt-ClusterId{value='62cf52259d84560e69c5f039', description='null'}-localhost:27017] INFO  or.mo.dr.connection                                - Opened connection [connectionId{localValue:1, serverValue:44}] to localhost:27017 
2022-07-13 18:15:50,058 [cluster-ClusterId{value='62cf52259d84560e69c5f039', description='null'}-localhost:27017] INFO  or.mo.dr.connection                                - Opened connection [connectionId{localValue:2, serverValue:43}] to localhost:27017 
2022-07-13 18:15:50,060 [cluster-ClusterId{value='62cf52259d84560e69c5f039', description='null'}-localhost:27017] INFO  or.mo.dr.cluster                                   - Monitor thread successfully connected to server with description ServerDescription{address=localhost:27017, type=STANDALONE, state=CONNECTED, ok=true, minWireVersion=0, maxWireVersion=13, maxDocumentSize=16777216, logicalSessionTimeoutMinutes=30, roundTripTimeNanos=43532900} 
2022-07-13 18:15:51,446 [main] INFO  or.sp.bo.we.em.ne.NettyWebServer                   - Netty started on port 9002 
2022-07-13 18:15:52,013 [main] INFO  co.nt.ms.MsCustomersApplication                    - Started MsCustomersApplication in 10.953 seconds (JVM running for 12.35) 
2022-07-13 18:19:18,262 [reactor-http-nio-3] INFO  co.nt.ms.se.im.CustomerServiceImpl                 - executing findById method 
2022-07-13 18:19:18,519 [nioEventLoopGroup-3-3] INFO  or.mo.dr.connection                                - Opened connection [connectionId{localValue:3, serverValue:49}] to localhost:27017 
2022-07-13 18:19:52,969 [reactor-http-nio-6] INFO  co.nt.ms.se.im.CustomerServiceImpl                 - executing findById method 
2022-07-13 18:19:52,969 [reactor-http-nio-5] INFO  co.nt.ms.se.im.CustomerServiceImpl                 - executing findById method 
2022-07-13 18:19:52,969 [reactor-http-nio-4] INFO  co.nt.ms.se.im.CustomerServiceImpl                 - executing findById method 
2022-07-13 18:19:52,994 [nioEventLoopGroup-3-4] INFO  or.mo.dr.connection                                - Opened connection [connectionId{localValue:4, serverValue:52}] to localhost:27017 
2022-07-13 18:20:13,997 [reactor-http-nio-6] INFO  co.nt.ms.se.im.CustomerServiceImpl                 - executing findById method 
2022-07-13 18:20:13,999 [reactor-http-nio-4] INFO  co.nt.ms.se.im.CustomerServiceImpl                 - executing findById method 
2022-07-13 18:20:14,002 [reactor-http-nio-5] INFO  co.nt.ms.se.im.CustomerServiceImpl                 - executing findById method 
2022-07-13 18:25:32,711 [reactor-http-nio-6] INFO  co.nt.ms.se.im.CustomerServiceImpl                 - executing findById method 
2022-07-13 18:25:32,711 [reactor-http-nio-4] INFO  co.nt.ms.se.im.CustomerServiceImpl                 - executing findById method 
2022-07-13 18:25:32,713 [reactor-http-nio-5] INFO  co.nt.ms.se.im.CustomerServiceImpl                 - executing findById method 
2022-07-13 18:49:51,670 [reactor-http-nio-9] INFO  co.nt.ms.se.im.CustomerServiceImpl                 - executing findById method 
2022-07-13 18:49:51,670 [reactor-http-nio-8] INFO  co.nt.ms.se.im.CustomerServiceImpl                 - executing findById method 
2022-07-13 18:49:51,670 [reactor-http-nio-7] INFO  co.nt.ms.se.im.CustomerServiceImpl                 - executing findById method 
2022-07-13 18:49:51,679 [nioEventLoopGroup-3-5] INFO  or.mo.dr.connection                                - Opened connection [connectionId{localValue:6, serverValue:58}] to localhost:27017 
2022-07-13 18:49:51,707 [reactor-http-nio-7] INFO  co.nt.ms.se.im.CustomerServiceImpl                 - executing findById method 
2022-07-13 18:49:51,707 [reactor-http-nio-9] INFO  co.nt.ms.se.im.CustomerServiceImpl                 - executing findById method 
2022-07-13 18:49:51,710 [reactor-http-nio-8] INFO  co.nt.ms.se.im.CustomerServiceImpl                 - executing findById method 
2022-07-13 18:50:08,416 [reactor-http-nio-7] INFO  co.nt.ms.se.im.CustomerServiceImpl                 - executing findById method 
2022-07-13 18:50:08,416 [reactor-http-nio-9] INFO  co.nt.ms.se.im.CustomerServiceImpl                 - executing findById method 
2022-07-13 18:50:08,416 [reactor-http-nio-8] INFO  co.nt.ms.se.im.CustomerServiceImpl                 - executing findById method 
2022-07-13 18:51:08,537 [reactor-http-nio-9] INFO  co.nt.ms.se.im.CustomerServiceImpl                 - executing findById method 
2022-07-13 18:51:17,044 [reactor-http-nio-7] INFO  co.nt.ms.se.im.CustomerServiceImpl                 - executing findById method 
2022-07-13 18:51:17,044 [reactor-http-nio-8] INFO  co.nt.ms.se.im.CustomerServiceImpl                 - executing findById method 
2022-07-13 18:51:17,045 [reactor-http-nio-9] INFO  co.nt.ms.se.im.CustomerServiceImpl                 - executing findById method 
2022-07-13 18:51:30,379 [reactor-http-nio-7] INFO  co.nt.ms.se.im.CustomerServiceImpl                 - executing findById method 
