2022-07-13 15:14:31,426 [main] INFO  co.nt.ms.MsProductsApplication                     - Starting MsProductsApplication using Java 11.0.13 on DESKTOP-FLILO2T with PID 12556 (D:\Archivos\Bootcamp BC26 NTT DATA\Proyectos\ProyectoOriginal\bootcamp-bc26\ms-products\target\classes started by JORGE-PC in D:\Archivos\Bootcamp BC26 NTT DATA\Proyectos\ProyectoOriginal\bootcamp-bc26) 
2022-07-13 15:14:31,428 [main] INFO  co.nt.ms.MsProductsApplication                     - No active profile set, falling back to 1 default profile: "default" 
2022-07-13 15:14:31,448 [main] INFO  or.sp.cl.co.cl.ConfigServerConfigDataLoader        - Fetching config from server at : http://localhost:9001 
2022-07-13 15:14:31,448 [main] INFO  or.sp.cl.co.cl.ConfigServerConfigDataLoader        - Located environment: name=ms-products, profiles=[default], label=null, version=14b9fa8327eefde7f8467c9cdf5b38e273198eba, state=null 
2022-07-13 15:14:31,958 [main] INFO  or.sp.da.re.co.RepositoryConfigurationDelegate     - Bootstrapping Spring Data Reactive MongoDB repositories in DEFAULT mode. 
2022-07-13 15:14:31,996 [main] INFO  or.sp.da.re.co.RepositoryConfigurationDelegate     - Finished Spring Data repository scanning in 35 ms. Found 1 Reactive MongoDB repository interfaces. 
2022-07-13 15:14:32,078 [main] INFO  or.sp.cl.co.sc.GenericScope                        - BeanFactory id=c8dc69d5-6aa5-3e21-af79-65f25dd13a12 
2022-07-13 15:14:32,338 [main] INFO  or.mo.dr.client                                    - MongoClient with metadata {"driver": {"name": "mongo-java-driver|reactive-streams|spring-boot", "version": "4.6.1"}, "os": {"type": "Windows", "name": "Windows 10", "architecture": "amd64", "version": "10.0"}, "platform": "Java/Oracle Corporation/11.0.13+10-LTS-370"} created with settings MongoClientSettings{readPreference=primary, writeConcern=WriteConcern{w=null, wTimeout=null ms, journal=null}, retryWrites=true, retryReads=true, readConcern=ReadConcern{level=null}, credential=null, streamFactoryFactory=NettyStreamFactoryFactory{eventLoopGroup=io.netty.channel.nio.NioEventLoopGroup@168142da, socketChannelClass=class io.netty.channel.socket.nio.NioSocketChannel, allocator=PooledByteBufAllocator(directByDefault: true), sslContext=null}, commandListeners=[], codecRegistry=ProvidersCodecRegistry{codecProviders=[ValueCodecProvider{}, BsonValueCodecProvider{}, DBRefCodecProvider{}, DBObjectCodecProvider{}, DocumentCodecProvider{}, IterableCodecProvider{}, MapCodecProvider{}, GeoJsonCodecProvider{}, GridFSFileCodecProvider{}, Jsr310CodecProvider{}, JsonObjectCodecProvider{}, BsonCodecProvider{}, EnumCodecProvider{}, com.mongodb.Jep395RecordCodecProvider@60bf494c]}, clusterSettings={hosts=[localhost:27017], srvServiceName=mongodb, mode=SINGLE, requiredClusterType=UNKNOWN, requiredReplicaSetName='null', serverSelector='null', clusterListeners='[]', serverSelectionTimeout='30000 ms', localThreshold='30000 ms'}, socketSettings=SocketSettings{connectTimeoutMS=10000, readTimeoutMS=0, receiveBufferSize=0, sendBufferSize=0}, heartbeatSocketSettings=SocketSettings{connectTimeoutMS=10000, readTimeoutMS=10000, receiveBufferSize=0, sendBufferSize=0}, connectionPoolSettings=ConnectionPoolSettings{maxSize=100, minSize=0, maxWaitTimeMS=120000, maxConnectionLifeTimeMS=0, maxConnectionIdleTimeMS=0, maintenanceInitialDelayMS=0, maintenanceFrequencyMS=60000, connectionPoolListeners=[], maxConnecting=2}, serverSettings=ServerSettings{heartbeatFrequencyMS=10000, minHeartbeatFrequencyMS=500, serverListeners='[]', serverMonitorListeners='[]'}, sslSettings=SslSettings{enabled=false, invalidHostNameAllowed=false, context=null}, applicationName='null', compressorList=[], uuidRepresentation=JAVA_LEGACY, serverApi=null, autoEncryptionSettings=null, contextProvider=null} 
2022-07-13 15:14:32,639 [cluster-ClusterId{value='62cf27a8f013086265896b58', description='null'}-localhost:27017] INFO  or.mo.dr.connection                                - Opened connection [connectionId{localValue:1, serverValue:6}] to localhost:27017 
2022-07-13 15:14:32,639 [cluster-rtt-ClusterId{value='62cf27a8f013086265896b58', description='null'}-localhost:27017] INFO  or.mo.dr.connection                                - Opened connection [connectionId{localValue:2, serverValue:7}] to localhost:27017 
2022-07-13 15:14:32,640 [cluster-ClusterId{value='62cf27a8f013086265896b58', description='null'}-localhost:27017] INFO  or.mo.dr.cluster                                   - Monitor thread successfully connected to server with description ServerDescription{address=localhost:27017, type=STANDALONE, state=CONNECTED, ok=true, minWireVersion=0, maxWireVersion=13, maxDocumentSize=16777216, logicalSessionTimeoutMinutes=30, roundTripTimeNanos=35876300} 
2022-07-13 15:14:33,122 [main] INFO  or.sp.bo.we.em.ne.NettyWebServer                   - Netty started on port 9003 
2022-07-13 15:14:33,695 [main] INFO  co.nt.ms.MsProductsApplication                     - Started MsProductsApplication in 3.869 seconds (JVM running for 5.066) 
2022-07-13 15:14:44,778 [reactor-http-nio-3] INFO  co.nt.ms.se.im.ProductsServiceImpl                 - executing findAll method 
2022-07-13 15:14:44,962 [nioEventLoopGroup-3-3] INFO  or.mo.dr.connection                                - Opened connection [connectionId{localValue:3, serverValue:8}] to localhost:27017 
2022-07-13 15:14:56,019 [reactor-http-nio-3] INFO  co.nt.ms.se.im.ProductsServiceImpl                 - executing delete method 
2022-07-13 15:14:59,074 [reactor-http-nio-3] INFO  co.nt.ms.se.im.ProductsServiceImpl                 - executing delete method 
2022-07-13 15:15:00,383 [reactor-http-nio-3] INFO  co.nt.ms.se.im.ProductsServiceImpl                 - executing delete method 
2022-07-13 15:15:01,190 [reactor-http-nio-3] INFO  co.nt.ms.se.im.ProductsServiceImpl                 - executing delete method 
2022-07-13 15:16:06,518 [reactor-http-nio-4] INFO  co.nt.ms.se.im.ProductsServiceImpl                 - executing findById method 
2022-07-13 15:16:06,556 [reactor-http-nio-4] INFO  co.nt.ms.se.im.ProductsServiceImpl                 - executing findById method 
2022-07-13 15:16:06,583 [reactor-http-nio-4] INFO  co.nt.ms.se.im.ProductsServiceImpl                 - executing findById method 
2022-07-13 16:13:09,135 [main] INFO  co.nt.ms.MsProductsApplication                     - Starting MsProductsApplication using Java 11.0.13 on DESKTOP-FLILO2T with PID 13688 (D:\Archivos\Bootcamp BC26 NTT DATA\Proyectos\ProyectoOriginal\bootcamp-bc26\ms-products\target\classes started by JORGE-PC in D:\Archivos\Bootcamp BC26 NTT DATA\Proyectos\ProyectoOriginal\bootcamp-bc26) 
2022-07-13 16:13:09,138 [main] INFO  co.nt.ms.MsProductsApplication                     - No active profile set, falling back to 1 default profile: "default" 
2022-07-13 16:13:09,174 [main] INFO  or.sp.cl.co.cl.ConfigServerConfigDataLoader        - Fetching config from server at : http://localhost:9001 
2022-07-13 16:13:09,174 [main] INFO  or.sp.cl.co.cl.ConfigServerConfigDataLoader        - Located environment: name=ms-products, profiles=[default], label=null, version=14b9fa8327eefde7f8467c9cdf5b38e273198eba, state=null 
2022-07-13 16:13:09,613 [main] INFO  or.sp.da.re.co.RepositoryConfigurationDelegate     - Bootstrapping Spring Data Reactive MongoDB repositories in DEFAULT mode. 
2022-07-13 16:13:09,664 [main] INFO  or.sp.da.re.co.RepositoryConfigurationDelegate     - Finished Spring Data repository scanning in 48 ms. Found 1 Reactive MongoDB repository interfaces. 
2022-07-13 16:13:09,782 [main] INFO  or.sp.cl.co.sc.GenericScope                        - BeanFactory id=c8dc69d5-6aa5-3e21-af79-65f25dd13a12 
2022-07-13 16:13:10,154 [main] INFO  or.mo.dr.client                                    - MongoClient with metadata {"driver": {"name": "mongo-java-driver|reactive-streams|spring-boot", "version": "4.6.1"}, "os": {"type": "Windows", "name": "Windows 10", "architecture": "amd64", "version": "10.0"}, "platform": "Java/Oracle Corporation/11.0.13+10-LTS-370"} created with settings MongoClientSettings{readPreference=primary, writeConcern=WriteConcern{w=null, wTimeout=null ms, journal=null}, retryWrites=true, retryReads=true, readConcern=ReadConcern{level=null}, credential=null, streamFactoryFactory=NettyStreamFactoryFactory{eventLoopGroup=io.netty.channel.nio.NioEventLoopGroup@77cca767, socketChannelClass=class io.netty.channel.socket.nio.NioSocketChannel, allocator=PooledByteBufAllocator(directByDefault: true), sslContext=null}, commandListeners=[], codecRegistry=ProvidersCodecRegistry{codecProviders=[ValueCodecProvider{}, BsonValueCodecProvider{}, DBRefCodecProvider{}, DBObjectCodecProvider{}, DocumentCodecProvider{}, IterableCodecProvider{}, MapCodecProvider{}, GeoJsonCodecProvider{}, GridFSFileCodecProvider{}, Jsr310CodecProvider{}, JsonObjectCodecProvider{}, BsonCodecProvider{}, EnumCodecProvider{}, com.mongodb.Jep395RecordCodecProvider@4b195203]}, clusterSettings={hosts=[localhost:27017], srvServiceName=mongodb, mode=SINGLE, requiredClusterType=UNKNOWN, requiredReplicaSetName='null', serverSelector='null', clusterListeners='[]', serverSelectionTimeout='30000 ms', localThreshold='30000 ms'}, socketSettings=SocketSettings{connectTimeoutMS=10000, readTimeoutMS=0, receiveBufferSize=0, sendBufferSize=0}, heartbeatSocketSettings=SocketSettings{connectTimeoutMS=10000, readTimeoutMS=10000, receiveBufferSize=0, sendBufferSize=0}, connectionPoolSettings=ConnectionPoolSettings{maxSize=100, minSize=0, maxWaitTimeMS=120000, maxConnectionLifeTimeMS=0, maxConnectionIdleTimeMS=0, maintenanceInitialDelayMS=0, maintenanceFrequencyMS=60000, connectionPoolListeners=[], maxConnecting=2}, serverSettings=ServerSettings{heartbeatFrequencyMS=10000, minHeartbeatFrequencyMS=500, serverListeners='[]', serverMonitorListeners='[]'}, sslSettings=SslSettings{enabled=false, invalidHostNameAllowed=false, context=null}, applicationName='null', compressorList=[], uuidRepresentation=JAVA_LEGACY, serverApi=null, autoEncryptionSettings=null, contextProvider=null} 
2022-07-13 16:13:10,504 [cluster-rtt-ClusterId{value='62cf35666a79673665e371dd', description='null'}-localhost:27017] INFO  or.mo.dr.connection                                - Opened connection [connectionId{localValue:1, serverValue:15}] to localhost:27017 
2022-07-13 16:13:10,504 [cluster-ClusterId{value='62cf35666a79673665e371dd', description='null'}-localhost:27017] INFO  or.mo.dr.connection                                - Opened connection [connectionId{localValue:2, serverValue:14}] to localhost:27017 
2022-07-13 16:13:10,505 [cluster-ClusterId{value='62cf35666a79673665e371dd', description='null'}-localhost:27017] INFO  or.mo.dr.cluster                                   - Monitor thread successfully connected to server with description ServerDescription{address=localhost:27017, type=STANDALONE, state=CONNECTED, ok=true, minWireVersion=0, maxWireVersion=13, maxDocumentSize=16777216, logicalSessionTimeoutMinutes=30, roundTripTimeNanos=36343200} 
2022-07-13 16:13:11,122 [main] INFO  or.sp.bo.we.em.ne.NettyWebServer                   - Netty started on port 9003 
2022-07-13 16:13:11,760 [main] INFO  co.nt.ms.MsProductsApplication                     - Started MsProductsApplication in 4.383 seconds (JVM running for 5.469) 
2022-07-13 16:13:30,872 [reactor-http-nio-2] INFO  co.nt.ms.se.im.ProductsServiceImpl                 - executing findById method 
2022-07-13 16:13:31,019 [nioEventLoopGroup-3-3] INFO  or.mo.dr.connection                                - Opened connection [connectionId{localValue:3, serverValue:20}] to localhost:27017 
2022-07-13 16:13:31,193 [reactor-http-nio-2] INFO  co.nt.ms.se.im.ProductsServiceImpl                 - executing findById method 
2022-07-13 16:13:31,239 [reactor-http-nio-2] INFO  co.nt.ms.se.im.ProductsServiceImpl                 - executing findById method 
2022-07-13 16:13:36,086 [reactor-http-nio-2] INFO  co.nt.ms.se.im.ProductsServiceImpl                 - executing findById method 
2022-07-13 16:13:36,107 [reactor-http-nio-2] INFO  co.nt.ms.se.im.ProductsServiceImpl                 - executing findById method 
2022-07-13 16:13:36,134 [reactor-http-nio-2] INFO  co.nt.ms.se.im.ProductsServiceImpl                 - executing findById method 
2022-07-13 16:13:42,477 [reactor-http-nio-2] INFO  co.nt.ms.se.im.ProductsServiceImpl                 - executing findById method 
2022-07-13 17:04:35,694 [reactor-http-nio-3] INFO  co.nt.ms.se.im.ProductsServiceImpl                 - executing findById method 
2022-07-13 17:23:21,965 [reactor-http-nio-4] INFO  co.nt.ms.se.im.ProductsServiceImpl                 - executing findById method 
2022-07-13 17:23:21,965 [reactor-http-nio-6] INFO  co.nt.ms.se.im.ProductsServiceImpl                 - executing findById method 
2022-07-13 17:23:21,965 [reactor-http-nio-5] INFO  co.nt.ms.se.im.ProductsServiceImpl                 - executing findById method 
2022-07-13 17:23:21,971 [nioEventLoopGroup-3-4] INFO  or.mo.dr.connection                                - Opened connection [connectionId{localValue:4, serverValue:37}] to localhost:27017 
2022-07-13 17:31:43,024 [reactor-http-nio-6] INFO  co.nt.ms.se.im.ProductsServiceImpl                 - executing findById method 
2022-07-13 17:32:05,472 [reactor-http-nio-5] INFO  co.nt.ms.se.im.ProductsServiceImpl                 - executing findById method 
2022-07-13 17:32:17,936 [reactor-http-nio-4] INFO  co.nt.ms.se.im.ProductsServiceImpl                 - executing findById method 
2022-07-13 17:32:22,343 [reactor-http-nio-6] INFO  co.nt.ms.se.im.ProductsServiceImpl                 - executing findById method 
2022-07-13 17:32:22,343 [reactor-http-nio-5] INFO  co.nt.ms.se.im.ProductsServiceImpl                 - executing findById method 
2022-07-13 17:32:22,346 [reactor-http-nio-4] INFO  co.nt.ms.se.im.ProductsServiceImpl                 - executing findById method 
2022-07-13 17:32:33,350 [reactor-http-nio-6] INFO  co.nt.ms.se.im.ProductsServiceImpl                 - executing findById method 
